commit 49fae93fbce1af6a7624dca9976c9bf06e88025b
Author: Nandhini Lakuduva <Nandhini@wireless-10-147-79-33.public.utexas.edu>
Date:   Mon Apr 3 14:27:14 2017 -0500

    edited models.py to form c_aa and aa relationships and edited db.py to test associations - SUCCESS

commit 88cd310b6bac4aa505db6f2483a50f04c23e68fd
Author: Jerry Sun <Jerry@jerrys-MBP.lan>
Date:   Sun Apr 2 17:39:10 2017 -0500

    Trying to establish aa_associations and c_aa associations

commit 840de2abcfcc71c28087c96b0ecbfe315efea87f
Author: Nandhini Lakuduva <nlak@cs.utexas.edu>
Date:   Fri Mar 31 18:15:40 2017 -0500

    Trying to figure aa-association

commit 64a0e6b8ee100eb2963c9ba454e1ac44be0b41ae
Author: Benjamin Rodgers <brodgers@cs.utexas.edu>
Date:   Fri Mar 31 17:31:21 2017 -0500

    test file to create dummy data to each model

commit 40d82288aae32dfcfd83e6640577aa5c14180713
Author: Benjamin Rodgers <brodgers@cs.utexas.edu>
Date:   Fri Mar 31 17:30:35 2017 -0500

    added create_all and commit messages

commit 1f1e822209e309760199cc4c94ccf63694a4a8b0
Author: Benjamin Rodgers <brodgers@cs.utexas.edu>
Date:   Fri Mar 31 16:14:05 2017 -0500

    changed IP address to point to Cloud SQL instance instead of VM

commit 32835445a43b744c598924a4567ddec80a13c47f
Author: Benjamin Rodgers <brodgers@cs.utexas.edu>
Date:   Thu Mar 30 19:28:00 2017 -0500

    commented out db.create_all() call, added create_track test

commit f5f8da1faf595914e2096d722851a5325b51d74d
Merge: 623790f 9676d14
Author: Benjamin Rodgers <brodgers@cs.utexas.edu>
Date:   Thu Mar 30 18:07:13 2017 -0500

    fixed merge conflict

commit 623790f86ea6ae88ae8554ece4de0fd3683614e8
Author: Benjamin Rodgers <brodgers@cs.utexas.edu>
Date:   Thu Mar 30 18:05:20 2017 -0500

    converted sqlalchemy code into flask_sqlalchemy code

commit fec44464f2f3e2e60940da846f11cde0bfc5fa6b
Author: Benjamin Rodgers <brodgers@cs.utexas.edu>
Date:   Thu Mar 30 17:21:59 2017 -0500

    added postgres connection models.py, reformatted models.py and tests.py with make format

commit ec0109058c6e585956a7461112ec9eb722c5d9f4
Author: Benjamin Rodgers <rodgers.benjamin@utexas.edu>
Date:   Tue Mar 28 22:08:08 2017 -0500

    dummy commit to test github integration with slack

commit 72dabb171190273a008f47b422fafc9b0eaead9a
Author: Eric Lee <hownl96@gmail.com>
Date:   Thu Mar 23 21:40:08 2017 -0500

    Add files via upload

commit 19b08448aaea81d3a276ae20c5cd5308bcb1b761
Author: Eric Lee <hownl96@utexas.edu>
Date:   Thu Mar 23 20:49:53 2017 -0500

    Final Phase 1 API docs Changes

commit 2ea869c793dc7ae8db0289057c958a12d80b45cf
Merge: 6661ea4 34220ed
Author: Emran Shafaq <emran.shafaq@gmail.com>
Date:   Thu Mar 23 20:41:43 2017 -0500

    Merge pull request #27 from theCreedo/emran-dev
    
    Completed Flask integration, added frontend files

commit 34220ed3d991f8fcb7cc0edbd67103439f8689a1
Merge: b0dd014 6661ea4
Author: Emran Shafaq <emran.shafaq@gmail.com>
Date:   Thu Mar 23 20:39:55 2017 -0500

    Merge branch 'master' into emran-dev

commit b0dd014aad657bc8b8a0a249d1b908b87e710d65
Author: Emran Shafaq <emran.shafaq@gmail.com>
Date:   Thu Mar 23 20:23:58 2017 -0500

    Completed Flask integration, added frontend files

commit 6661ea4dc63a55fad218c6d82013715c8ddc389e
Author: Nandhini Lakuduva <Nandhini@Nandhinis-MacBook-Pro.local>
Date:   Thu Mar 23 19:47:02 2017 -0500

    Closes #12: added __init__ implementations and assertions to models.py

commit 168ef69f4183d65dc15a174d95dab4753e97366f
Author: Emran Shafaq <emran.shafaq@gmail.com>
Date:   Thu Mar 23 18:27:40 2017 -0500

    Added unit tests for Flask routing

commit 1a80a5553895cd3cb05661173df9bf839a2de902
Merge: b25e55e 13996ec
Author: Emran Shafaq <emran.shafaq@gmail.com>
Date:   Thu Mar 23 15:22:09 2017 -0500

    Merged branch emran-dev into master

commit b25e55e17798a92f6b1a54623a072fd77132cc32
Author: Eric Lee <hownl96@utexas.edu>
Date:   Thu Mar 23 15:21:42 2017 -0500

    Minor Text Changes

commit 13996ec2b880da9662ad91c76adae328afe96afe
Author: Emran Shafaq <emran.shafaq@gmail.com>
Date:   Thu Mar 23 15:21:14 2017 -0500

    Modified models.py in src to comply with GCP

commit 9d6fa3b5fd1c0954551632d21e98a6444f32e527
Author: Eric Lee <hownl96@utexas.edu>
Date:   Thu Mar 23 15:12:08 2017 -0500

    Refactored to Contain 'PUT' requests, and added more formatted descriptions

commit 867194b0863c5faf8719a7038bec7fd9405c8eae
Author: Nandhini Lakuduva <Nandhini@wireless-10-145-34-197.public.utexas.edu>
Date:   Thu Mar 23 14:37:42 2017 -0500

    successfully added .html and fixed makefile accordingly

commit 81b7983da46367027fff95f1b805af3f7263450c
Author: Nandhini Lakuduva <Nandhini@wireless-10-145-34-197.public.utexas.edu>
Date:   Thu Mar 23 12:15:57 2017 -0500

    successfully added git log but having trouble with .html

commit 9676d1486c3797a243dfe2ba4a0d63ec40d4812c
Author: Nandhini Lakuduva <Nandhini@wireless-10-147-244-15.public.utexas.edu>
Date:   Wed Mar 22 19:44:51 2017 -0500

    Made slight adjustment to name by adding unique=True

commit 21ad908118ee6b2b57ae4f44cf738d9a535e0ad4
Author: brodgers <rodgers.benjamin@utexas.edu>
Date:   Wed Mar 22 19:09:03 2017 -0400

    commented out Base.metadata.create call (will be implemented in phase 2)

commit 9ac0c6bb8626ba2caf27e7b2c05c1c69392efffc
Author: brodgers <rodgers.benjamin@utexas.edu>
Date:   Wed Mar 22 19:08:05 2017 -0400

    commented out database connection create_engine call (will be implemeneted in phase 2)

commit 8202df7ace5b54b90672a7f4727a7acd766d007f
Merge: f7474f1 291f1ce
Author: brodgers <rodgers.benjamin@utexas.edu>
Date:   Wed Mar 22 19:06:04 2017 -0400

    Merge branch 'ben-dev'

commit 291f1ce466d0ca2d4324b189f9c119c53c9337ed
Author: brodgers <rodgers.benjamin@utexas.edu>
Date:   Wed Mar 22 19:03:18 2017 -0400

    removed setup_db.py and moved contents into models.py

commit 2a7f4c5cb394a17c41d0e919dfe381d697453ef2
Author: Emran Shafaq <emran.shafaq@gmail.com>
Date:   Wed Mar 22 16:17:42 2017 -0500

    Added src folder from Flask/GCP boilerplate

commit f7474f1d8799d0d9739e5daa4cde4e34a6944040
Author: Nandhini Lakuduva <Nandhini@wireless-10-147-244-15.public.utexas.edu>
Date:   Wed Mar 22 15:08:32 2017 -0500

    Updated makefile to format models.py and tests.py

commit 85fe0ee54cfe79d16f637f4246bc635964be46d6
Author: Eric Lee <hownl96@gmail.com>
Date:   Wed Mar 22 14:34:37 2017 -0500

    Added more formatted makefile to check for all files.
    
    Still need to add IDB.* stuff

commit 1f42fd943a6a14ff0e0920d284856d786cd4646c
Author: Eric Lee <hownl96@utexas.edu>
Date:   Tue Mar 21 19:21:34 2017 -0500

    Added query documentation for all group Collections

commit 93cf3178ca9697eed41d9d8ebb315b4fde6ccc45
Author: Eric Lee <hownl96@utexas.edu>
Date:   Mon Mar 20 18:45:33 2017 -0500

    Added single instance GET docs for all models.

commit 0943dc470b9191d728b35faf9a91b4ab50bac961
Author: Eric Lee <hownl96@utexas.edu>
Date:   Mon Mar 20 15:33:15 2017 -0500

    Adding API Description for getting and creating Venues

commit 68b4bf68ccac3ab030ed94011ee5e5114e038b00
Author: Eric Lee <hownl96@utexas.edu>
Date:   Mon Mar 20 10:50:39 2017 -0500

    Transferring API Description file from Apiary.io

commit e5a0f1ce774944be951cbb3568f58e5cbeff51d9
Author: Benjamin Rodgers <Benjamin Rodgers>
Date:   Fri Mar 17 00:43:31 2017 -0500

    first version of database tables from schema using SQLAlchemy

commit 93f24bd48115b46be7146b75ffc5f176e370ef60
Author: Benjamin Rodgers <Benjamin Rodgers>
Date:   Mon Mar 13 12:28:49 2017 -0500

    uploaded notes on APIs and example output for the REST API calls we will need to make

commit c8ceba95b8aa50c72db149ab4445e79bd6885ea9
Author: Eric Lee <hownl96@gmail.com>
Date:   Mon Mar 6 18:29:17 2017 -0600

    Edit to remove make calls

commit 68aea3be6382368eebbca34be13b5dfbf7499fda
Author: Eric Lee <hownl96@gmail.com>
Date:   Mon Mar 6 18:27:11 2017 -0600

    Edit readme

commit 081fbc347f86025113ae4a4bb74d5f572bd6749e
Author: Eric Lee <hownl96@gmail.com>
Date:   Mon Mar 6 18:26:13 2017 -0600

    Add starter files. Need to add makefile and better .gitignore ignored files
