commit 5ff522aad1ad6734d7e6780491f6f7f7d851b951
Author: Nandhini Lakuduva <Nandhini@wireless-10-148-163-188.public.utexas.edu>
Date:   Fri Apr 7 14:15:45 2017 -0500

    added assertions for latitude and longitude

commit 738882ac981e6a396930b24a1236cb832f6f1ced
Author: Nandhini Lakuduva <Nandhini@wireless-10-148-163-188.public.utexas.edu>
Date:   Fri Apr 7 14:09:29 2017 -0500

    adjusted tests.py to comply with pylint

commit 511193c9f50915e6916c5aac86f37f13b0ee12cc
Author: Nandhini Lakuduva <Nandhini@wireless-10-148-163-188.public.utexas.edu>
Date:   Fri Apr 7 14:08:45 2017 -0500

    adjusted models.py to comply with pylint

commit ecae9c76bc411dd469dad279bc7f8900cddcc18d
Author: Nandhini Lakuduva <Nandhini@wireless-10-148-163-188.public.utexas.edu>
Date:   Fri Apr 7 13:27:09 2017 -0500

    confirmed models.py complies to autopep8

commit a3ee920bb84d8f92ca48bf19e784bf5e2034722c
Author: Nandhini Lakuduva <Nandhini@wireless-10-148-163-188.public.utexas.edu>
Date:   Fri Apr 7 13:20:41 2017 -0500

    confirmed tests.py complies to autopep8

commit 91365c16cde3235a1eb1e6ab37350af18ac9d6ce
Author: brodgers <rodgers.benjamin@utexas.edu>
Date:   Fri Apr 7 12:47:38 2017 -0500

    uncommented emran's tests in tests.py, failing 9 tests

commit 0f6f9a1edd66e51b02f7b4f85e63f2b5ea54b770
Merge: 8198569 57ebb11
Author: brodgers <rodgers.benjamin@utexas.edu>
Date:   Fri Apr 7 12:41:29 2017 -0500

    fixed merge

commit 8198569bab4bb32cd597cf5238614dd754475222
Author: brodgers <rodgers.benjamin@utexas.edu>
Date:   Fri Apr 7 12:39:39 2017 -0500

    all unit tests passing

commit 57ebb1188512e557b837f0cafc489b73b8698cb8
Author: Nandhini Lakuduva <Nandhini@wireless-10-147-29-115.public.utexas.edu>
Date:   Fri Apr 7 10:56:25 2017 -0500

    changed all the id checks to is checks

commit 0b5501e03e436e67da7baf77cf9780dd7c9979cc
Merge: e14794c 9dcaf0c
Author: brodgers <rodgers.benjamin@utexas.edu>
Date:   Fri Apr 7 10:48:35 2017 -0500

    Merge branch 'ben-dev' of https://github.com/theCreedo/idb into ben-dev

commit e14794ccd722ef0abf1646e3f218a40b23a0660e
Author: brodgers <rodgers.benjamin@utexas.edu>
Date:   Fri Apr 7 10:48:20 2017 -0500

    imposed ordering on tests for db so tests are passing

commit 9dcaf0cac9c9e41fcb6edd55473f342a15bec60c
Author: Nandhini Lakuduva <Nandhini@wireless-10-147-29-115.public.utexas.edu>
Date:   Fri Apr 7 10:06:37 2017 -0500

    changed ordering of deletion to avoid cascading errors

commit 73e1aeb264eafe76848772315f557483fdca6ccb
Author: Emran Shafaq <emran.shafaq@gmail.com>
Date:   Fri Apr 7 05:09:23 2017 -0500

    Implemented nicer routing for API

commit e0fd1e4ece08c192acbc158f370fb2902488b215
Author: Emran Shafaq <emran.shafaq@gmail.com>
Date:   Fri Apr 7 03:35:44 2017 -0500

    Removed unnecessary src files

commit d458f4846f5891a5d5afb0a4ac594a41e38f8af5
Author: Emran Shafaq <emran.shafaq@gmail.com>
Date:   Fri Apr 7 03:32:57 2017 -0500

    Added greeting page for API, included proxy server for local testing

commit 558974e8ebce159e6a3623b569c624b2dc4f2c0a
Author: Emran Shafaq <emran.shafaq@gmail.com>
Date:   Fri Apr 7 03:21:43 2017 -0500

    Added WSGI dependency

commit b0d165ba5b0c6c1002d7119b82cdb8ccb02a159d
Author: Emran Shafaq <emran.shafaq@gmail.com>
Date:   Fri Apr 7 03:16:47 2017 -0500

    Renamed main python file

commit 18bbfcb235d8372348d8c028edebdc2dc1ab6a52
Author: Emran Shafaq <emran.shafaq@gmail.com>
Date:   Fri Apr 7 03:13:10 2017 -0500

    Added necessary libs

commit edddc40b01fe6b1e361dd465787e01f526dbf14d
Merge: 174d386 9f34642
Author: Emran Shafaq <emran.shafaq@gmail.com>
Date:   Fri Apr 7 02:48:16 2017 -0500

    Merged branch master into master

commit 9f346427414e1afec211d0fdeb3b5eeae3bb2fe2
Author: Eric Lee <hownl96@gmail.com>
Date:   Fri Apr 7 02:03:55 2017 -0500

    Add comments in order to suggest possible steps for making sort and filter requests to API

commit 174d3861269d3aead80f0bd1db59bfccc953336c
Merge: 2f66020 e4dcb33
Author: Emran Shafaq <emran.shafaq@gmail.com>
Date:   Thu Apr 6 21:55:10 2017 -0500

    Merged branch master into master

commit e4dcb337bf1bd9a3212941c819e81f14c19acf76
Merge: 6e7005c 0f0960c
Author: brodgers <rodgers.benjamin@utexas.edu>
Date:   Thu Apr 6 21:36:51 2017 -0500

    Merge branch 'master' of https://github.com/theCreedo/idb

commit 6e7005c31d2e673a174e41d135dccb5b124034dc
Author: brodgers <rodgers.benjamin@utexas.edu>
Date:   Thu Apr 6 21:36:17 2017 -0500

    changed password, debugging tests.py

commit 29a078167b62fd4c6180074d2f998380d732bcdc
Author: brodgers <rodgers.benjamin@utexas.edu>
Date:   Thu Apr 6 20:40:20 2017 -0500

    made tests.py runnable

commit 086257f762e1a931a1dafb1da6bef35eaee9417d
Author: Nandhini Lakuduva <Nandhini@wireless-10-147-251-160.public.utexas.edu>
Date:   Thu Apr 6 20:39:24 2017 -0500

    Fixed aa_associations tests

commit eda81576a4bc3dd115ab2e3f00c36fa61804c559
Author: Nandhini Lakuduva <Nandhini@wireless-10-147-251-160.public.utexas.edu>
Date:   Thu Apr 6 20:32:53 2017 -0500

    added 'uri' to track and albums constructors

commit a11b27c0ef3e4856a4508826193882c5368243bf
Author: Nandhini Lakuduva <Nandhini@wireless-10-147-251-160.public.utexas.edu>
Date:   Thu Apr 6 19:49:06 2017 -0500

    Fixed some typos

commit 0f0960c7b22c687b69d65b99970aa7db990b59ee
Author: Eric Lee <hownl96@utexas.edu>
Date:   Thu Apr 6 19:31:03 2017 -0500

    Added query formats for API sort and filter

commit 1ed75d50f1cfc76cb44d90cd88b4bd7265f97ae1
Author: Eric Lee <hownl96@utexas.edu>
Date:   Thu Apr 6 18:09:24 2017 -0500

    Refactored API calls to represent correct JSON output

commit c483b1e261fce16b555b79a5c3c9b830bbf26675
Author: brodgers <rodgers.benjamin@utexas.edu>
Date:   Thu Apr 6 17:11:37 2017 -0500

    finished commenting models

commit 0c6e2ff58edd4dad3d3f2365d6c7d4617c1f6616
Merge: bcb288f 3bbf811
Author: brodgers <rodgers.benjamin@utexas.edu>
Date:   Thu Apr 6 17:09:35 2017 -0500

    Merge branch 'master' into ben-dev

commit 2f6602013fdb3a4abf43951f62447903791baf44
Merge: ee0dccb 3bbf811
Author: Emran Shafaq <emran.shafaq@gmail.com>
Date:   Thu Apr 6 14:04:22 2017 -0500

    Merged branch master into master

commit 3bbf8114f71848a113dc0eecd0be83dcee198544
Author: Eric Lee <hownl96@gmail.com>
Date:   Thu Apr 6 04:10:59 2017 -0500

    Added instructions for sorting

commit 784857b1f326229dea1690c657ffa2366f8910e8
Merge: 7243802 d70c3bb
Author: Eric Lee <hownl96@gmail.com>
Date:   Thu Apr 6 01:33:35 2017 -0500

    Merge branch 'master' of https://github.com/theCreedo/idb

commit 72438025186f007dcd92b0da76b01b8e27ee9e0a
Author: Eric Lee <hownl96@gmail.com>
Date:   Thu Apr 6 01:32:39 2017 -0500

    Implement rest api communication

commit bcb288f4fba1ee67027dd018812c12d25a0fdc0d
Author: Nandhini Lakuduva <Nandhini@wireless-10-147-199-13.public.utexas.edu>
Date:   Thu Apr 6 00:52:33 2017 -0500

    Added tests checking deleting associations

commit 56404b46c9e2922e0a9a6e97bddcf8630770f14f
Author: Nandhini Lakuduva <Nandhini@wireless-10-147-199-13.public.utexas.edu>
Date:   Thu Apr 6 00:12:06 2017 -0500

    fixed indentation issues

commit ad24d97bb9b08a46343c46aa87369d9f1bc87e5b
Author: Nandhini Lakuduva <Nandhini@wireless-10-147-199-13.public.utexas.edu>
Date:   Thu Apr 6 00:10:35 2017 -0500

    Added tests for checking associations

commit ee0dccb9d25a149f71ee82d7c7879167fff937b4
Merge: ef6994d d70c3bb
Author: Emran Shafaq <emran.shafaq@gmail.com>
Date:   Thu Apr 6 00:00:36 2017 -0500

    Merged branch master into master

commit 093d25ceff12eb958b26e70ed27bfbf24e475b48
Author: brodgers <rodgers.benjamin@utexas.edu>
Date:   Wed Apr 5 23:36:47 2017 -0500

    added basic tests for create/delete basic models

commit ce6767ce6b3d11abf265733c9739020550187da3
Author: brodgers <rodgers.benjamin@utexas.edu>
Date:   Wed Apr 5 23:17:19 2017 -0500

    commented models

commit d70c3bba296ddd7f2842df6f7e7bf772abb066e7
Author: brodgers <rodgers.benjamin@utexas.edu>
Date:   Wed Apr 5 23:07:25 2017 -0500

    pushed json files for example artists query for frontend testing

commit a1f8aac0f4552c423c1246d5e4318f09eb90b52f
Author: brodgers <rodgers.benjamin@utexas.edu>
Date:   Wed Apr 5 21:51:46 2017 -0500

    added spotify_uri to populate_db.py

commit 3e488e0c4119a12a911d98865122205fd1df232e
Merge: 5db88c4 cce8593
Author: brodgers <rodgers.benjamin@utexas.edu>
Date:   Wed Apr 5 21:44:06 2017 -0500

    Merge branch 'master' into ben-dev

commit 5db88c44883bd5c2eedcb337c9e46e627f227344
Author: brodgers <rodgers.benjamin@utexas.edu>
Date:   Wed Apr 5 21:43:55 2017 -0500

    added json stuff for frontend testing

commit cce8593cdb8b276359038f472e2fdf4e005efbd4
Author: brodgers <rodgers.benjamin@utexas.edu>
Date:   Wed Apr 5 21:41:19 2017 -0500

    added spotify_uri to track and album

commit 765c0fbedc3bbdf6217d295222c52bc0401b7330
Merge: 034a52b 0195a7f
Author: brodgers <rodgers.benjamin@utexas.edu>
Date:   Wed Apr 5 21:01:04 2017 -0500

    Merge branch 'master' of https://github.com/theCreedo/idb

commit 034a52b7d13e53f1af46a8d1e448d2f76610a09e
Merge: 60f2f3d 0d1aba8
Author: brodgers <rodgers.benjamin@utexas.edu>
Date:   Wed Apr 5 21:00:26 2017 -0500

    Merge branch 'ben-dev'

commit 0d1aba8963242d2440048e0f0e72d3b8b95f57c4
Author: brodgers <rodgers.benjamin@utexas.edu>
Date:   Wed Apr 5 21:00:04 2017 -0500

    finished datascraping and database population, resolves #29, resolves #30, resolves #31, resolves #32

commit fc9319b77391c5e8ae52df1091ab407dd63381ad
Merge: 9384761 4f4bb90
Author: brodgers <rodgers.benjamin@utexas.edu>
Date:   Wed Apr 5 20:58:27 2017 -0500

    Merge branch 'ben-dev' of https://github.com/theCreedo/idb into ben-dev

commit 9384761f41cfa822466c9a1ee809ce76ee2b37cb
Author: brodgers <rodgers.benjamin@utexas.edu>
Date:   Wed Apr 5 20:58:09 2017 -0500

    tried to get most_popular_track to work but foreign key relationships are not working correctly, sorting Artist.tracks based on popularity

commit 4f4bb908219b9f12773745ebff08b2852e962f6d
Merge: 4c3ddb6 6ed2046
Author: Nandhini Lakuduva <Nandhini@wireless-10-147-199-13.public.utexas.edu>
Date:   Wed Apr 5 20:41:57 2017 -0500

    Merge branch 'ben-dev' of https://github.com/theCreedo/idb into ben-dev

commit 4c3ddb6c1316410c44195a08d78e431d10a4eca1
Author: Nandhini Lakuduva <Nandhini@wireless-10-147-199-13.public.utexas.edu>
Date:   Wed Apr 5 20:41:07 2017 -0500

    added 3 more database unit tests

commit 6ed2046878d74fd001188ba0be7b123c615b5e70
Author: brodgers <rodgers.benjamin@utexas.edu>
Date:   Wed Apr 5 20:08:31 2017 -0500

    commented out delete calls in populate_db.py

commit 3907b50082a354fc35c7ec77cec713d8e584485b
Author: Nandhini Lakuduva <Nandhini@wireless-10-147-199-13.public.utexas.edu>
Date:   Wed Apr 5 19:56:12 2017 -0500

    Updated aquiring of explicit in tracks

commit 88d0ddf791ae5c724b28bcf0069d17e691f65b0e
Author: Nandhini Lakuduva <Nandhini@wireless-10-147-199-13.public.utexas.edu>
Date:   Wed Apr 5 19:27:34 2017 -0500

    Updated genre to come from MusicGraph API instead of Spotify API

commit b653200fb1f99b2d8617839ef85fd2f1a02ac3db
Author: Nandhini Lakuduva <Nandhini@wireless-10-147-199-13.public.utexas.edu>
Date:   Wed Apr 5 18:49:41 2017 -0500

    Modified genre to be in a try-except statement

commit 0195a7faf9c963cca1f22f667e2e1a3d46467cb7
Author: Eric Lee <hownl96@gmail.com>
Date:   Wed Apr 5 18:44:14 2017 -0500

    Add app.py which contains the flask-restless api code

commit f3a7454bb6ec63e112d2442e7ad05707b3a9a11f
Author: brodgers <rodgers.benjamin@utexas.edu>
Date:   Wed Apr 5 18:10:19 2017 -0500

    got through all pages, uncommenting database.commits()

commit 8b3d57d3035c0b3479f05bb7b4463f8ee45402b3
Author: Nandhini Lakuduva <Nandhini@wireless-10-147-199-13.public.utexas.edu>
Date:   Wed Apr 5 17:48:21 2017 -0500

    fixed while loop and next page request

commit ef6994d1571f8077fe300bd39698cf85a97fe417
Merge: 22ea5e1 60f2f3d
Author: Emran Shafaq <emran.shafaq@gmail.com>
Date:   Wed Apr 5 17:48:18 2017 -0500

    Merged branch master into master

commit 58e31a2bdd4394cac77177886f089261b66580ec
Author: Nandhini Lakuduva <Nandhini@wireless-10-147-199-13.public.utexas.edu>
Date:   Wed Apr 5 17:22:17 2017 -0500

    modularized main to handle multiple pages in a playlist

commit 60f2f3dd12da4084fff7c082a259c064c15aef44
Merge: c8a3eeb 888167d
Author: brodgers <rodgers.benjamin@utexas.edu>
Date:   Wed Apr 5 12:48:56 2017 -0500

    fixed merge

commit 888167da69d0d14c7e3f3e6be47273dc6e98c2f9
Author: brodgers <rodgers.benjamin@utexas.edu>
Date:   Wed Apr 5 12:47:40 2017 -0500

    got through first page of playlist results, need to support multiple pages

commit 6c7c6fab08242a59fc9dcd2c8b349c1d56a9f534
Author: Benjamin Rodgers <brodgers@cs.utexas.edu>
Date:   Wed Apr 5 10:50:10 2017 -0500

    added erro handling to concert input

commit 1481b6aa9c07fa152f889467cac7d2c1d844ba4f
Author: brodgers <rodgers.benjamin@utexas.edu>
Date:   Wed Apr 5 10:08:08 2017 -0500

    added error handling to album_decoder, fixed a few bugs in populate_db.py

commit 8a8ea07327aaa4e4b4724b3bf5fb8f1a247d450a
Author: brodgers <rodgers.benjamin@utexas.edu>
Date:   Wed Apr 5 10:05:14 2017 -0500

    increased lengths of strings to support longer input, added (commented out) code to drop tables if necessary

commit c6d7346685d8b982548a92c1a20314ba59166d61
Author: brodgers <rodgers.benjamin@utexas.edu>
Date:   Wed Apr 5 08:02:09 2017 -0500

    populate_db compiles

commit 0d8fcf34a5feff86908ad327a180a6166e9d1a60
Author: Nandhini Lakuduva <Nandhini@wireless-10-146-31-18.public.utexas.edu>
Date:   Wed Apr 5 00:28:42 2017 -0500

    Finalizing data-scraping process and updated album to accept num_tracks in __init__

commit 59960674899e4860a571f71ab1daa85aa312544a
Author: Nandhini Lakuduva <Nandhini@wireless-10-146-31-18.public.utexas.edu>
Date:   Tue Apr 4 21:40:38 2017 -0500

    working on converting json data scrape to python models

commit c8a3eeb2ec1fb75432473bf7e9c19a701150674f
Merge: 4c4521e d4dbc2b
Author: brodgers <rodgers.benjamin@utexas.edu>
Date:   Mon Apr 3 17:41:32 2017 -0500

    Merge branch 'master' of https://github.com/theCreedo/idb

commit d4dbc2b65bfbedd12d89ee32a84c82757de1d906
Author: Nandhini Lakuduva <Nandhini@wireless-10-147-79-33.public.utexas.edu>
Date:   Mon Apr 3 14:34:54 2017 -0500

    added make format to make in case we forget

commit 49fae93fbce1af6a7624dca9976c9bf06e88025b
Author: Nandhini Lakuduva <Nandhini@wireless-10-147-79-33.public.utexas.edu>
Date:   Mon Apr 3 14:27:14 2017 -0500

    edited models.py to form c_aa and aa relationships and edited db.py to test associations - SUCCESS

commit 88cd310b6bac4aa505db6f2483a50f04c23e68fd
Author: Jerry Sun <Jerry@jerrys-MBP.lan>
Date:   Sun Apr 2 17:39:10 2017 -0500

    Trying to establish aa_associations and c_aa associations

commit 840de2abcfcc71c28087c96b0ecbfe315efea87f
Author: Nandhini Lakuduva <nlak@cs.utexas.edu>
Date:   Fri Mar 31 18:15:40 2017 -0500

    Trying to figure aa-association

commit 64a0e6b8ee100eb2963c9ba454e1ac44be0b41ae
Author: Benjamin Rodgers <brodgers@cs.utexas.edu>
Date:   Fri Mar 31 17:31:21 2017 -0500

    test file to create dummy data to each model

commit 40d82288aae32dfcfd83e6640577aa5c14180713
Author: Benjamin Rodgers <brodgers@cs.utexas.edu>
Date:   Fri Mar 31 17:30:35 2017 -0500

    added create_all and commit messages

commit 1f1e822209e309760199cc4c94ccf63694a4a8b0
Author: Benjamin Rodgers <brodgers@cs.utexas.edu>
Date:   Fri Mar 31 16:14:05 2017 -0500

    changed IP address to point to Cloud SQL instance instead of VM

commit edb208101fb4f9d097d57d50eeb6145f46dbdc8c
Author: Benjamin Rodgers <rodgers.benjamin@utexas.edu>
Date:   Thu Mar 30 19:37:07 2017 -0500

    removed Ben's password from file

commit 4c4521e01bfb12f1e3ca51bbac2a481b24b95f28
Merge: 13370ad fec4446
Author: brodgers <rodgers.benjamin@utexas.edu>
Date:   Thu Mar 30 19:28:32 2017 -0500

    Merge branch 'master' of https://github.com/theCreedo/idb

commit 32835445a43b744c598924a4567ddec80a13c47f
Author: Benjamin Rodgers <brodgers@cs.utexas.edu>
Date:   Thu Mar 30 19:28:00 2017 -0500

    commented out db.create_all() call, added create_track test

commit f5f8da1faf595914e2096d722851a5325b51d74d
Merge: 623790f 9676d14
Author: Benjamin Rodgers <brodgers@cs.utexas.edu>
Date:   Thu Mar 30 18:07:13 2017 -0500

    fixed merge conflict

commit 623790f86ea6ae88ae8554ece4de0fd3683614e8
Author: Benjamin Rodgers <brodgers@cs.utexas.edu>
Date:   Thu Mar 30 18:05:20 2017 -0500

    converted sqlalchemy code into flask_sqlalchemy code

commit fec44464f2f3e2e60940da846f11cde0bfc5fa6b
Author: Benjamin Rodgers <brodgers@cs.utexas.edu>
Date:   Thu Mar 30 17:21:59 2017 -0500

    added postgres connection models.py, reformatted models.py and tests.py with make format

commit ec0109058c6e585956a7461112ec9eb722c5d9f4
Author: Benjamin Rodgers <rodgers.benjamin@utexas.edu>
Date:   Tue Mar 28 22:08:08 2017 -0500

    dummy commit to test github integration with slack

commit 72dabb171190273a008f47b422fafc9b0eaead9a
Author: Eric Lee <hownl96@gmail.com>
Date:   Thu Mar 23 21:40:08 2017 -0500

    Add files via upload

commit 22ea5e1eb4bb1d7044fcce7ede8369ad094fc662
Merge: 6661ea4 836337c
Author: Emran Shafaq <emran.shafaq@gmail.com>
Date:   Thu Mar 23 21:05:05 2017 -0500

    Merged emran-dev into master

commit 836337c0d5cbeb73502bd374f8f07caa92a7b2b0
Merge: c405e23 34220ed
Author: Emran Shafaq <emran.shafaq@gmail.com>
Date:   Thu Mar 23 21:04:50 2017 -0500

    Merged branch emran-dev into emran-dev

commit c405e23b9d0584e988a35f1d8054b4053d3ac4cf
Author: Emran Shafaq <emran.shafaq@gmail.com>
Date:   Thu Mar 23 21:04:45 2017 -0500

    Added newer frontend files

commit 19b08448aaea81d3a276ae20c5cd5308bcb1b761
Author: Eric Lee <hownl96@utexas.edu>
Date:   Thu Mar 23 20:49:53 2017 -0500

    Final Phase 1 API docs Changes

commit 2ea869c793dc7ae8db0289057c958a12d80b45cf
Merge: 6661ea4 34220ed
Author: Emran Shafaq <emran.shafaq@gmail.com>
Date:   Thu Mar 23 20:41:43 2017 -0500

    Merge pull request #27 from theCreedo/emran-dev
    
    Completed Flask integration, added frontend files

commit 34220ed3d991f8fcb7cc0edbd67103439f8689a1
Merge: b0dd014 6661ea4
Author: Emran Shafaq <emran.shafaq@gmail.com>
Date:   Thu Mar 23 20:39:55 2017 -0500

    Merge branch 'master' into emran-dev

commit b0dd014aad657bc8b8a0a249d1b908b87e710d65
Author: Emran Shafaq <emran.shafaq@gmail.com>
Date:   Thu Mar 23 20:23:58 2017 -0500

    Completed Flask integration, added frontend files

commit 6661ea4dc63a55fad218c6d82013715c8ddc389e
Author: Nandhini Lakuduva <Nandhini@Nandhinis-MacBook-Pro.local>
Date:   Thu Mar 23 19:47:02 2017 -0500

    Closes #12: added __init__ implementations and assertions to models.py

commit 168ef69f4183d65dc15a174d95dab4753e97366f
Author: Emran Shafaq <emran.shafaq@gmail.com>
Date:   Thu Mar 23 18:27:40 2017 -0500

    Added unit tests for Flask routing

commit 13370ad662d05747262f2b7efe4a022062874b7c
Author: brodgers <rodgers.benjamin@utexas.edu>
Date:   Thu Mar 23 17:32:45 2017 -0400

    fixed typo in example artists/tracks calls

commit 1a80a5553895cd3cb05661173df9bf839a2de902
Merge: b25e55e 13996ec
Author: Emran Shafaq <emran.shafaq@gmail.com>
Date:   Thu Mar 23 15:22:09 2017 -0500

    Merged branch emran-dev into master

commit b25e55e17798a92f6b1a54623a072fd77132cc32
Author: Eric Lee <hownl96@utexas.edu>
Date:   Thu Mar 23 15:21:42 2017 -0500

    Minor Text Changes

commit 13996ec2b880da9662ad91c76adae328afe96afe
Author: Emran Shafaq <emran.shafaq@gmail.com>
Date:   Thu Mar 23 15:21:14 2017 -0500

    Modified models.py in src to comply with GCP

commit 9d6fa3b5fd1c0954551632d21e98a6444f32e527
Author: Eric Lee <hownl96@utexas.edu>
Date:   Thu Mar 23 15:12:08 2017 -0500

    Refactored to Contain 'PUT' requests, and added more formatted descriptions

commit 867194b0863c5faf8719a7038bec7fd9405c8eae
Author: Nandhini Lakuduva <Nandhini@wireless-10-145-34-197.public.utexas.edu>
Date:   Thu Mar 23 14:37:42 2017 -0500

    successfully added .html and fixed makefile accordingly

commit 81b7983da46367027fff95f1b805af3f7263450c
Author: Nandhini Lakuduva <Nandhini@wireless-10-145-34-197.public.utexas.edu>
Date:   Thu Mar 23 12:15:57 2017 -0500

    successfully added git log but having trouble with .html

commit 9676d1486c3797a243dfe2ba4a0d63ec40d4812c
Author: Nandhini Lakuduva <Nandhini@wireless-10-147-244-15.public.utexas.edu>
Date:   Wed Mar 22 19:44:51 2017 -0500

    Made slight adjustment to name by adding unique=True

commit 21ad908118ee6b2b57ae4f44cf738d9a535e0ad4
Author: brodgers <rodgers.benjamin@utexas.edu>
Date:   Wed Mar 22 19:09:03 2017 -0400

    commented out Base.metadata.create call (will be implemented in phase 2)

commit 9ac0c6bb8626ba2caf27e7b2c05c1c69392efffc
Author: brodgers <rodgers.benjamin@utexas.edu>
Date:   Wed Mar 22 19:08:05 2017 -0400

    commented out database connection create_engine call (will be implemeneted in phase 2)

commit 8202df7ace5b54b90672a7f4727a7acd766d007f
Merge: f7474f1 291f1ce
Author: brodgers <rodgers.benjamin@utexas.edu>
Date:   Wed Mar 22 19:06:04 2017 -0400

    Merge branch 'ben-dev'

commit 291f1ce466d0ca2d4324b189f9c119c53c9337ed
Author: brodgers <rodgers.benjamin@utexas.edu>
Date:   Wed Mar 22 19:03:18 2017 -0400

    removed setup_db.py and moved contents into models.py

commit 2a7f4c5cb394a17c41d0e919dfe381d697453ef2
Author: Emran Shafaq <emran.shafaq@gmail.com>
Date:   Wed Mar 22 16:17:42 2017 -0500

    Added src folder from Flask/GCP boilerplate

commit f7474f1d8799d0d9739e5daa4cde4e34a6944040
Author: Nandhini Lakuduva <Nandhini@wireless-10-147-244-15.public.utexas.edu>
Date:   Wed Mar 22 15:08:32 2017 -0500

    Updated makefile to format models.py and tests.py

commit 85fe0ee54cfe79d16f637f4246bc635964be46d6
Author: Eric Lee <hownl96@gmail.com>
Date:   Wed Mar 22 14:34:37 2017 -0500

    Added more formatted makefile to check for all files.
    
    Still need to add IDB.* stuff

commit 1f42fd943a6a14ff0e0920d284856d786cd4646c
Author: Eric Lee <hownl96@utexas.edu>
Date:   Tue Mar 21 19:21:34 2017 -0500

    Added query documentation for all group Collections

commit 93cf3178ca9697eed41d9d8ebb315b4fde6ccc45
Author: Eric Lee <hownl96@utexas.edu>
Date:   Mon Mar 20 18:45:33 2017 -0500

    Added single instance GET docs for all models.

commit 0943dc470b9191d728b35faf9a91b4ab50bac961
Author: Eric Lee <hownl96@utexas.edu>
Date:   Mon Mar 20 15:33:15 2017 -0500

    Adding API Description for getting and creating Venues

commit 68b4bf68ccac3ab030ed94011ee5e5114e038b00
Author: Eric Lee <hownl96@utexas.edu>
Date:   Mon Mar 20 10:50:39 2017 -0500

    Transferring API Description file from Apiary.io

commit e5a0f1ce774944be951cbb3568f58e5cbeff51d9
Author: Benjamin Rodgers <Benjamin Rodgers>
Date:   Fri Mar 17 00:43:31 2017 -0500

    first version of database tables from schema using SQLAlchemy

commit 93f24bd48115b46be7146b75ffc5f176e370ef60
Author: Benjamin Rodgers <Benjamin Rodgers>
Date:   Mon Mar 13 12:28:49 2017 -0500

    uploaded notes on APIs and example output for the REST API calls we will need to make

commit c8ceba95b8aa50c72db149ab4445e79bd6885ea9
Author: Eric Lee <hownl96@gmail.com>
Date:   Mon Mar 6 18:29:17 2017 -0600

    Edit to remove make calls

commit 68aea3be6382368eebbca34be13b5dfbf7499fda
Author: Eric Lee <hownl96@gmail.com>
Date:   Mon Mar 6 18:27:11 2017 -0600

    Edit readme

commit 081fbc347f86025113ae4a4bb74d5f572bd6749e
Author: Eric Lee <hownl96@gmail.com>
Date:   Mon Mar 6 18:26:13 2017 -0600

    Add starter files. Need to add makefile and better .gitignore ignored files
